{"/Users/jonathandew/dev/New_Stack_Projects/Flight_Tracker_New_Stack/backend/src/app.ts": {"path":"/Users/jonathandew/dev/New_Stack_Projects/Flight_Tracker_New_Stack/backend/src/app.ts","statementMap":{"0":{"start":{"line":1,"column":0},"end":{"line":1,"column":47}},"1":{"start":{"line":2,"column":0},"end":{"line":2,"column":52}},"2":{"start":{"line":3,"column":0},"end":{"line":3,"column":57}},"3":{"start":{"line":4,"column":0},"end":{"line":4,"column":52}},"4":{"start":{"line":5,"column":0},"end":{"line":5,"column":67}},"5":{"start":{"line":6,"column":0},"end":{"line":6,"column":61}},"6":{"start":{"line":8,"column":25},"end":{"line":8,"column":34}},"7":{"start":{"line":11,"column":0},"end":{"line":11,"column":24}},"8":{"start":{"line":12,"column":0},"end":{"line":12,"column":48}},"9":{"start":{"line":15,"column":0},"end":{"line":15,"column":29}},"10":{"start":{"line":16,"column":0},"end":{"line":16,"column":30}},"11":{"start":{"line":17,"column":0},"end":{"line":17,"column":39}},"12":{"start":{"line":18,"column":0},"end":{"line":18,"column":39}},"13":{"start":{"line":20,"column":0},"end":{"line":20,"column":null}},"14":{"start":{"line":20,"column":27},"end":{"line":20,"column":56}},"15":{"start":{"line":23,"column":0},"end":{"line":23,"column":22}},"16":{"start":{"line":25,"column":0},"end":{"line":25,"column":19}}},"fnMap":{"0":{"name":"(anonymous_1)","decl":{"start":{"line":20,"column":13},"end":{"line":20,"column":14}},"loc":{"start":{"line":20,"column":27},"end":{"line":20,"column":56}}}},"branchMap":{},"s":{"0":1,"1":1,"2":1,"3":1,"4":1,"5":1,"6":1,"7":1,"8":1,"9":1,"10":1,"11":1,"12":1,"13":1,"14":0,"15":1,"16":1},"f":{"0":0},"b":{}}
,"/Users/jonathandew/dev/New_Stack_Projects/Flight_Tracker_New_Stack/backend/src/helpers/mockPrisma.ts": {"path":"/Users/jonathandew/dev/New_Stack_Projects/Flight_Tracker_New_Stack/backend/src/helpers/mockPrisma.ts","statementMap":{"0":{"start":{"line":19,"column":0},"end":{"line":21,"column":4}},"1":{"start":{"line":19,"column":33},"end":{"line":21,"column":2}},"2":{"start":{"line":2,"column":13},"end":{"line":16,"column":2}}},"fnMap":{"0":{"name":"(anonymous_0)","decl":{"start":{"line":19,"column":26},"end":{"line":19,"column":29}},"loc":{"start":{"line":19,"column":33},"end":{"line":21,"column":2}}}},"branchMap":{},"s":{"0":8,"1":4,"2":8},"f":{"0":4},"b":{}}
,"/Users/jonathandew/dev/New_Stack_Projects/Flight_Tracker_New_Stack/backend/src/middleware/auth.ts": {"path":"/Users/jonathandew/dev/New_Stack_Projects/Flight_Tracker_New_Stack/backend/src/middleware/auth.ts","statementMap":{"0":{"start":{"line":3,"column":0},"end":{"line":3,"column":40}},"1":{"start":{"line":4,"column":0},"end":{"line":4,"column":48}},"2":{"start":{"line":16,"column":30},"end":{"line":32,"column":1}},"3":{"start":{"line":17,"column":21},"end":{"line":17,"column":46}},"4":{"start":{"line":19,"column":2},"end":{"line":21,"column":3}},"5":{"start":{"line":20,"column":4},"end":{"line":20,"column":null}},"6":{"start":{"line":23,"column":16},"end":{"line":23,"column":40}},"7":{"start":{"line":25,"column":2},"end":{"line":31,"column":3}},"8":{"start":{"line":26,"column":20},"end":{"line":26,"column":44}},"9":{"start":{"line":27,"column":4},"end":{"line":27,"column":null}},"10":{"start":{"line":28,"column":4},"end":{"line":28,"column":null}},"11":{"start":{"line":30,"column":4},"end":{"line":30,"column":null}},"12":{"start":{"line":16,"column":13},"end":{"line":16,"column":30}}},"fnMap":{"0":{"name":"(anonymous_1)","decl":{"start":{"line":16,"column":30},"end":{"line":16,"column":31}},"loc":{"start":{"line":16,"column":82},"end":{"line":32,"column":1}}}},"branchMap":{"0":{"loc":{"start":{"line":19,"column":2},"end":{"line":21,"column":3}},"type":"if","locations":[{"start":{"line":19,"column":2},"end":{"line":21,"column":3}},{"start":{},"end":{}}]},"1":{"loc":{"start":{"line":19,"column":6},"end":{"line":19,"column":54}},"type":"binary-expr","locations":[{"start":{"line":19,"column":6},"end":{"line":19,"column":17}},{"start":{"line":19,"column":21},"end":{"line":19,"column":54}}]}},"s":{"0":1,"1":1,"2":1,"3":0,"4":0,"5":0,"6":0,"7":0,"8":0,"9":0,"10":0,"11":0,"12":1},"f":{"0":0},"b":{"0":[0,0],"1":[0,0]}}
,"/Users/jonathandew/dev/New_Stack_Projects/Flight_Tracker_New_Stack/backend/src/middleware/errorHandler.ts": {"path":"/Users/jonathandew/dev/New_Stack_Projects/Flight_Tracker_New_Stack/backend/src/middleware/errorHandler.ts","statementMap":{"0":{"start":{"line":2,"column":0},"end":{"line":2,"column":41}},"1":{"start":{"line":4,"column":28},"end":{"line":11,"column":1}},"2":{"start":{"line":5,"column":2},"end":{"line":5,"column":21}},"3":{"start":{"line":7,"column":17},"end":{"line":7,"column":63}},"4":{"start":{"line":8,"column":18},"end":{"line":8,"column":81}},"5":{"start":{"line":10,"column":2},"end":{"line":10,"column":39}},"6":{"start":{"line":4,"column":13},"end":{"line":4,"column":28}}},"fnMap":{"0":{"name":"(anonymous_1)","decl":{"start":{"line":4,"column":28},"end":{"line":4,"column":29}},"loc":{"start":{"line":4,"column":90},"end":{"line":11,"column":1}}}},"branchMap":{"0":{"loc":{"start":{"line":7,"column":17},"end":{"line":7,"column":63}},"type":"cond-expr","locations":[{"start":{"line":7,"column":43},"end":{"line":7,"column":57}},{"start":{"line":7,"column":60},"end":{"line":7,"column":63}}]},"1":{"loc":{"start":{"line":8,"column":18},"end":{"line":8,"column":81}},"type":"cond-expr","locations":[{"start":{"line":8,"column":44},"end":{"line":8,"column":55}},{"start":{"line":8,"column":58},"end":{"line":8,"column":81}}]}},"s":{"0":2,"1":2,"2":2,"3":2,"4":2,"5":2,"6":2},"f":{"0":2},"b":{"0":[1,1],"1":[1,1]}}
,"/Users/jonathandew/dev/New_Stack_Projects/Flight_Tracker_New_Stack/backend/src/modules/amadeus/amadeus.controller.ts": {"path":"/Users/jonathandew/dev/New_Stack_Projects/Flight_Tracker_New_Stack/backend/src/modules/amadeus/amadeus.controller.ts","statementMap":{"0":{"start":{"line":2,"column":0},"end":{"line":2,"column":52}},"1":{"start":{"line":3,"column":0},"end":{"line":3,"column":50}},"2":{"start":{"line":5,"column":13},"end":{"line":15,"column":3}},"3":{"start":{"line":6,"column":40},"end":{"line":6,"column":49}},"4":{"start":{"line":8,"column":2},"end":{"line":10,"column":3}},"5":{"start":{"line":9,"column":4},"end":{"line":9,"column":91}},"6":{"start":{"line":12,"column":20},"end":{"line":12,"column":96}},"7":{"start":{"line":14,"column":2},"end":{"line":14,"column":36}}},"fnMap":{"0":{"name":"(anonymous_0)","decl":{"start":{"line":5,"column":50},"end":{"line":5,"column":55}},"loc":{"start":{"line":5,"column":88},"end":{"line":15,"column":1}}}},"branchMap":{"0":{"loc":{"start":{"line":8,"column":2},"end":{"line":10,"column":3}},"type":"if","locations":[{"start":{"line":8,"column":2},"end":{"line":10,"column":3}},{"start":{},"end":{}}]},"1":{"loc":{"start":{"line":8,"column":6},"end":{"line":8,"column":38}},"type":"binary-expr","locations":[{"start":{"line":8,"column":6},"end":{"line":8,"column":13}},{"start":{"line":8,"column":17},"end":{"line":8,"column":29}},{"start":{"line":8,"column":33},"end":{"line":8,"column":38}}]}},"s":{"0":1,"1":1,"2":1,"3":2,"4":2,"5":1,"6":1,"7":1},"f":{"0":2},"b":{"0":[1,1],"1":[2,2,2]}}
,"/Users/jonathandew/dev/New_Stack_Projects/Flight_Tracker_New_Stack/backend/src/modules/amadeus/amadeus.mapper.ts": {"path":"/Users/jonathandew/dev/New_Stack_Projects/Flight_Tracker_New_Stack/backend/src/modules/amadeus/amadeus.mapper.ts","statementMap":{"0":{"start":{"line":3,"column":0},"end":{"line":3,"column":16}},"1":{"start":{"line":63,"column":0},"end":{"line":63,"column":16}},"2":{"start":{"line":5,"column":35},"end":{"line":24,"column":5}},"3":{"start":{"line":5,"column":71},"end":{"line":24,"column":4}},"4":{"start":{"line":6,"column":55},"end":{"line":21,"column":6}},"5":{"start":{"line":27,"column":23},"end":{"line":28,"column":null}},"6":{"start":{"line":28,"column":39},"end":{"line":28,"column":79}},"7":{"start":{"line":28,"column":63},"end":{"line":28,"column":78}},"8":{"start":{"line":32,"column":24},"end":{"line":32,"column":92}},"9":{"start":{"line":32,"column":57},"end":{"line":32,"column":88}},"10":{"start":{"line":35,"column":23},"end":{"line":38,"column":4}},"11":{"start":{"line":41,"column":45},"end":{"line":41,"column":54}},"12":{"start":{"line":42,"column":2},"end":{"line":45,"column":3}},"13":{"start":{"line":43,"column":24},"end":{"line":43,"column":126}},"14":{"start":{"line":43,"column":85},"end":{"line":43,"column":109}},"15":{"start":{"line":44,"column":4},"end":{"line":44,"column":70}},"16":{"start":{"line":44,"column":28},"end":{"line":44,"column":70}},"17":{"start":{"line":48,"column":16},"end":{"line":48,"column":94}},"18":{"start":{"line":50,"column":2},"end":{"line":59,"column":4}},"19":{"start":{"line":64,"column":2},"end":{"line":64,"column":44}}},"fnMap":{"0":{"name":"mapAmadeusFlightOffer","decl":{"start":{"line":3,"column":16},"end":{"line":3,"column":37}},"loc":{"start":{"line":3,"column":46},"end":{"line":60,"column":1}}},"1":{"name":"(anonymous_1)","decl":{"start":{"line":5,"column":56},"end":{"line":5,"column":57}},"loc":{"start":{"line":5,"column":71},"end":{"line":24,"column":4}}},"2":{"name":"(anonymous_2)","decl":{"start":{"line":6,"column":31},"end":{"line":6,"column":32}},"loc":{"start":{"line":6,"column":55},"end":{"line":21,"column":6}}},"3":{"name":"(anonymous_3)","decl":{"start":{"line":28,"column":32},"end":{"line":28,"column":35}},"loc":{"start":{"line":28,"column":39},"end":{"line":28,"column":79}}},"4":{"name":"(anonymous_4)","decl":{"start":{"line":28,"column":56},"end":{"line":28,"column":59}},"loc":{"start":{"line":28,"column":63},"end":{"line":28,"column":78}}},"5":{"name":"(anonymous_5)","decl":{"start":{"line":32,"column":43},"end":{"line":32,"column":44}},"loc":{"start":{"line":32,"column":57},"end":{"line":32,"column":88}}},"6":{"name":"(anonymous_6)","decl":{"start":{"line":43,"column":73},"end":{"line":43,"column":74}},"loc":{"start":{"line":43,"column":85},"end":{"line":43,"column":109}}},"7":{"name":"mapAmadeusFlightOffers","decl":{"start":{"line":63,"column":16},"end":{"line":63,"column":38}},"loc":{"start":{"line":63,"column":53},"end":{"line":65,"column":1}}}},"branchMap":{"0":{"loc":{"start":{"line":18,"column":20},"end":{"line":18,"column":36}},"type":"binary-expr","locations":[{"start":{"line":18,"column":20},"end":{"line":18,"column":30}},{"start":{"line":18,"column":34},"end":{"line":18,"column":36}}]},"1":{"loc":{"start":{"line":36,"column":11},"end":{"line":36,"column":34}},"type":"binary-expr","locations":[{"start":{"line":36,"column":11},"end":{"line":36,"column":27}},{"start":{"line":36,"column":31},"end":{"line":36,"column":34}}]},"2":{"loc":{"start":{"line":37,"column":14},"end":{"line":37,"column":42}},"type":"binary-expr","locations":[{"start":{"line":37,"column":14},"end":{"line":37,"column":33}},{"start":{"line":37,"column":37},"end":{"line":37,"column":42}}]},"3":{"loc":{"start":{"line":42,"column":2},"end":{"line":45,"column":3}},"type":"if","locations":[{"start":{"line":42,"column":2},"end":{"line":45,"column":3}},{"start":{},"end":{}}]},"4":{"loc":{"start":{"line":44,"column":4},"end":{"line":44,"column":70}},"type":"if","locations":[{"start":{"line":44,"column":4},"end":{"line":44,"column":70}},{"start":{},"end":{}}]},"5":{"loc":{"start":{"line":48,"column":16},"end":{"line":48,"column":94}},"type":"cond-expr","locations":[{"start":{"line":48,"column":41},"end":{"line":48,"column":82}},{"start":{"line":48,"column":85},"end":{"line":48,"column":94}}]}},"s":{"0":3,"1":3,"2":8,"3":8,"4":13,"5":8,"6":8,"7":13,"8":8,"9":8,"10":8,"11":8,"12":8,"13":5,"14":10,"15":5,"16":0,"17":8,"18":8,"19":4},"f":{"0":8,"1":8,"2":13,"3":8,"4":13,"5":8,"6":10,"7":4},"b":{"0":[13,3],"1":[8,0],"2":[8,0],"3":[5,3],"4":[0,5],"5":[0,8]}}
,"/Users/jonathandew/dev/New_Stack_Projects/Flight_Tracker_New_Stack/backend/src/modules/amadeus/amadeus.routes.ts": {"path":"/Users/jonathandew/dev/New_Stack_Projects/Flight_Tracker_New_Stack/backend/src/modules/amadeus/amadeus.routes.ts","statementMap":{"0":{"start":{"line":1,"column":0},"end":{"line":1,"column":33}},"1":{"start":{"line":2,"column":0},"end":{"line":2,"column":63}},"2":{"start":{"line":4,"column":15},"end":{"line":4,"column":23}},"3":{"start":{"line":6,"column":0},"end":{"line":6,"column":47}},"4":{"start":{"line":8,"column":0},"end":{"line":8,"column":22}}},"fnMap":{},"branchMap":{},"s":{"0":1,"1":1,"2":1,"3":1,"4":1},"f":{},"b":{}}
,"/Users/jonathandew/dev/New_Stack_Projects/Flight_Tracker_New_Stack/backend/src/modules/amadeus/amadeus.service.ts": {"path":"/Users/jonathandew/dev/New_Stack_Projects/Flight_Tracker_New_Stack/backend/src/modules/amadeus/amadeus.service.ts","statementMap":{"0":{"start":{"line":1,"column":0},"end":{"line":1,"column":26}},"1":{"start":{"line":2,"column":0},"end":{"line":2,"column":44}},"2":{"start":{"line":4,"column":0},"end":{"line":4,"column":58}},"3":{"start":{"line":6,"column":26},"end":{"line":6,"column":56}},"4":{"start":{"line":7,"column":30},"end":{"line":7,"column":64}},"5":{"start":{"line":8,"column":25},"end":{"line":8,"column":55}},"6":{"start":{"line":10,"column":33},"end":{"line":10,"column":37}},"7":{"start":{"line":11,"column":36},"end":{"line":11,"column":40}},"8":{"start":{"line":15,"column":2},"end":{"line":17,"column":3}},"9":{"start":{"line":16,"column":4},"end":{"line":16,"column":23}},"10":{"start":{"line":19,"column":19},"end":{"line":28,"column":null}},"11":{"start":{"line":31,"column":16},"end":{"line":31,"column":42}},"12":{"start":{"line":32,"column":2},"end":{"line":34,"column":3}},"13":{"start":{"line":33,"column":4},"end":{"line":33,"column":71}},"14":{"start":{"line":36,"column":2},"end":{"line":36,"column":22}},"15":{"start":{"line":37,"column":2},"end":{"line":37,"column":71}},"16":{"start":{"line":39,"column":2},"end":{"line":39,"column":15}},"17":{"start":{"line":43,"column":29},"end":{"line":57,"column":1}},"18":{"start":{"line":44,"column":16},"end":{"line":44,"column":38}},"19":{"start":{"line":46,"column":19},"end":{"line":49,"column":4}},"20":{"start":{"line":51,"column":20},"end":{"line":51,"column":38}},"21":{"start":{"line":52,"column":2},"end":{"line":54,"column":3}},"22":{"start":{"line":53,"column":4},"end":{"line":53,"column":70}},"23":{"start":{"line":56,"column":2},"end":{"line":56,"column":43}},"24":{"start":{"line":43,"column":13},"end":{"line":43,"column":29}}},"fnMap":{"0":{"name":"getAccessToken","decl":{"start":{"line":14,"column":15},"end":{"line":14,"column":29}},"loc":{"start":{"line":14,"column":29},"end":{"line":40,"column":1}}},"1":{"name":"(anonymous_2)","decl":{"start":{"line":43,"column":29},"end":{"line":43,"column":34}},"loc":{"start":{"line":43,"column":113},"end":{"line":57,"column":1}}}},"branchMap":{"0":{"loc":{"start":{"line":15,"column":2},"end":{"line":17,"column":3}},"type":"if","locations":[{"start":{"line":15,"column":2},"end":{"line":17,"column":3}},{"start":{},"end":{}}]},"1":{"loc":{"start":{"line":15,"column":6},"end":{"line":15,"column":66}},"type":"binary-expr","locations":[{"start":{"line":15,"column":6},"end":{"line":15,"column":17}},{"start":{"line":15,"column":21},"end":{"line":15,"column":35}},{"start":{"line":15,"column":39},"end":{"line":15,"column":66}}]},"2":{"loc":{"start":{"line":32,"column":2},"end":{"line":34,"column":3}},"type":"if","locations":[{"start":{"line":32,"column":2},"end":{"line":34,"column":3}},{"start":{},"end":{}}]},"3":{"loc":{"start":{"line":52,"column":2},"end":{"line":54,"column":3}},"type":"if","locations":[{"start":{"line":52,"column":2},"end":{"line":54,"column":3}},{"start":{},"end":{}}]},"4":{"loc":{"start":{"line":52,"column":6},"end":{"line":52,"column":45}},"type":"binary-expr","locations":[{"start":{"line":52,"column":6},"end":{"line":52,"column":16}},{"start":{"line":52,"column":20},"end":{"line":52,"column":45}}]}},"s":{"0":3,"1":3,"2":3,"3":3,"4":3,"5":3,"6":3,"7":3,"8":3,"9":1,"10":2,"11":2,"12":2,"13":0,"14":2,"15":2,"16":2,"17":3,"18":3,"19":3,"20":3,"21":3,"22":0,"23":3,"24":3},"f":{"0":3,"1":3},"b":{"0":[1,2],"1":[3,1,1],"2":[0,2],"3":[0,3],"4":[3,3]}}
,"/Users/jonathandew/dev/New_Stack_Projects/Flight_Tracker_New_Stack/backend/src/modules/auth/auth.controller.ts": {"path":"/Users/jonathandew/dev/New_Stack_Projects/Flight_Tracker_New_Stack/backend/src/modules/auth/auth.controller.ts","statementMap":{"0":{"start":{"line":2,"column":0},"end":{"line":2,"column":57}},"1":{"start":{"line":3,"column":0},"end":{"line":3,"column":52}},"2":{"start":{"line":7,"column":13},"end":{"line":11,"column":3}},"3":{"start":{"line":8,"column":15},"end":{"line":8,"column":43}},"4":{"start":{"line":9,"column":47},"end":{"line":9,"column":51}},"5":{"start":{"line":10,"column":2},"end":{"line":10,"column":54}},"6":{"start":{"line":14,"column":13},"end":{"line":18,"column":3}},"7":{"start":{"line":15,"column":46},"end":{"line":15,"column":96}},"8":{"start":{"line":16,"column":47},"end":{"line":16,"column":51}},"9":{"start":{"line":17,"column":2},"end":{"line":17,"column":81}}},"fnMap":{"0":{"name":"(anonymous_0)","decl":{"start":{"line":7,"column":49},"end":{"line":7,"column":54}},"loc":{"start":{"line":7,"column":105},"end":{"line":11,"column":1}}},"1":{"name":"(anonymous_1)","decl":{"start":{"line":14,"column":46},"end":{"line":14,"column":51}},"loc":{"start":{"line":14,"column":84},"end":{"line":18,"column":1}}}},"branchMap":{},"s":{"0":2,"1":2,"2":2,"3":2,"4":1,"5":1,"6":2,"7":0,"8":0,"9":0},"f":{"0":2,"1":0},"b":{}}
,"/Users/jonathandew/dev/New_Stack_Projects/Flight_Tracker_New_Stack/backend/src/modules/auth/auth.routes.ts": {"path":"/Users/jonathandew/dev/New_Stack_Projects/Flight_Tracker_New_Stack/backend/src/modules/auth/auth.routes.ts","statementMap":{"0":{"start":{"line":1,"column":0},"end":{"line":1,"column":33}},"1":{"start":{"line":3,"column":0},"end":{"line":3,"column":79}},"2":{"start":{"line":5,"column":15},"end":{"line":5,"column":23}},"3":{"start":{"line":7,"column":0},"end":{"line":7,"column":49}},"4":{"start":{"line":8,"column":0},"end":{"line":8,"column":43}},"5":{"start":{"line":10,"column":0},"end":{"line":10,"column":22}}},"fnMap":{},"branchMap":{},"s":{"0":1,"1":1,"2":1,"3":1,"4":1,"5":1},"f":{},"b":{}}
,"/Users/jonathandew/dev/New_Stack_Projects/Flight_Tracker_New_Stack/backend/src/modules/auth/auth.service.ts": {"path":"/Users/jonathandew/dev/New_Stack_Projects/Flight_Tracker_New_Stack/backend/src/modules/auth/auth.service.ts","statementMap":{"0":{"start":{"line":1,"column":0},"end":{"line":1,"column":28}},"1":{"start":{"line":2,"column":0},"end":{"line":2,"column":39}},"2":{"start":{"line":3,"column":0},"end":{"line":3,"column":44}},"3":{"start":{"line":4,"column":0},"end":{"line":4,"column":68}},"4":{"start":{"line":6,"column":20},"end":{"line":6,"column":22}},"5":{"start":{"line":14,"column":28},"end":{"line":29,"column":1}},"6":{"start":{"line":15,"column":17},"end":{"line":15,"column":79}},"7":{"start":{"line":16,"column":2},"end":{"line":16,"column":62}},"8":{"start":{"line":16,"column":14},"end":{"line":16,"column":62}},"9":{"start":{"line":18,"column":17},"end":{"line":18,"column":62}},"10":{"start":{"line":20,"column":15},"end":{"line":26,"column":4}},"11":{"start":{"line":28,"column":2},"end":{"line":28,"column":14}},"12":{"start":{"line":14,"column":13},"end":{"line":14,"column":28}},"13":{"start":{"line":32,"column":25},"end":{"line":47,"column":1}},"14":{"start":{"line":33,"column":2},"end":{"line":35,"column":3}},"15":{"start":{"line":34,"column":4},"end":{"line":34,"column":63}},"16":{"start":{"line":37,"column":15},"end":{"line":37,"column":65}},"17":{"start":{"line":38,"column":2},"end":{"line":38,"column":60}},"18":{"start":{"line":38,"column":13},"end":{"line":38,"column":60}},"19":{"start":{"line":40,"column":16},"end":{"line":40,"column":61}},"20":{"start":{"line":41,"column":2},"end":{"line":41,"column":61}},"21":{"start":{"line":41,"column":14},"end":{"line":41,"column":61}},"22":{"start":{"line":43,"column":22},"end":{"line":43,"column":58}},"23":{"start":{"line":44,"column":23},"end":{"line":44,"column":60}},"24":{"start":{"line":46,"column":2},"end":{"line":46,"column":45}},"25":{"start":{"line":32,"column":13},"end":{"line":32,"column":25}}},"fnMap":{"0":{"name":"(anonymous_1)","decl":{"start":{"line":14,"column":28},"end":{"line":14,"column":33}},"loc":{"start":{"line":14,"column":57},"end":{"line":29,"column":1}}},"1":{"name":"(anonymous_2)","decl":{"start":{"line":32,"column":25},"end":{"line":32,"column":30}},"loc":{"start":{"line":32,"column":67},"end":{"line":47,"column":1}}}},"branchMap":{"0":{"loc":{"start":{"line":16,"column":2},"end":{"line":16,"column":62}},"type":"if","locations":[{"start":{"line":16,"column":2},"end":{"line":16,"column":62}},{"start":{},"end":{}}]},"1":{"loc":{"start":{"line":24,"column":12},"end":{"line":24,"column":29}},"type":"binary-expr","locations":[{"start":{"line":24,"column":12},"end":{"line":24,"column":21}},{"start":{"line":24,"column":25},"end":{"line":24,"column":29}}]},"2":{"loc":{"start":{"line":33,"column":2},"end":{"line":35,"column":3}},"type":"if","locations":[{"start":{"line":33,"column":2},"end":{"line":35,"column":3}},{"start":{},"end":{}}]},"3":{"loc":{"start":{"line":33,"column":6},"end":{"line":33,"column":25}},"type":"binary-expr","locations":[{"start":{"line":33,"column":6},"end":{"line":33,"column":12}},{"start":{"line":33,"column":16},"end":{"line":33,"column":25}}]},"4":{"loc":{"start":{"line":38,"column":2},"end":{"line":38,"column":60}},"type":"if","locations":[{"start":{"line":38,"column":2},"end":{"line":38,"column":60}},{"start":{},"end":{}}]},"5":{"loc":{"start":{"line":41,"column":2},"end":{"line":41,"column":61}},"type":"if","locations":[{"start":{"line":41,"column":2},"end":{"line":41,"column":61}},{"start":{},"end":{}}]}},"s":{"0":3,"1":3,"2":3,"3":3,"4":3,"5":3,"6":2,"7":2,"8":1,"9":1,"10":1,"11":1,"12":3,"13":3,"14":3,"15":0,"16":3,"17":3,"18":1,"19":2,"20":2,"21":1,"22":1,"23":1,"24":1,"25":3},"f":{"0":2,"1":3},"b":{"0":[1,1],"1":[1,1],"2":[0,3],"3":[3,3],"4":[1,2],"5":[1,1]}}
,"/Users/jonathandew/dev/New_Stack_Projects/Flight_Tracker_New_Stack/backend/src/modules/savedTrip/savedTrip.controller.ts": {"path":"/Users/jonathandew/dev/New_Stack_Projects/Flight_Tracker_New_Stack/backend/src/modules/savedTrip/savedTrip.controller.ts","statementMap":{"0":{"start":{"line":2,"column":0},"end":{"line":2,"column":52}},"1":{"start":{"line":3,"column":0},"end":{"line":3,"column":56}},"2":{"start":{"line":19,"column":38},"end":{"line":32,"column":1}},"3":{"start":{"line":20,"column":2},"end":{"line":31,"column":3}},"4":{"start":{"line":21,"column":31},"end":{"line":21,"column":39}},"5":{"start":{"line":22,"column":50},"end":{"line":26,"column":6}},"6":{"start":{"line":27,"column":17},"end":{"line":27,"column":65}},"7":{"start":{"line":28,"column":4},"end":{"line":28,"column":35}},"8":{"start":{"line":30,"column":4},"end":{"line":30,"column":14}},"9":{"start":{"line":19,"column":13},"end":{"line":19,"column":38}},"10":{"start":{"line":35,"column":13},"end":{"line":35,"column":66}},"11":{"start":{"line":38,"column":13},"end":{"line":41,"column":3}},"12":{"start":{"line":39,"column":16},"end":{"line":39,"column":67}},"13":{"start":{"line":40,"column":2},"end":{"line":40,"column":34}},"14":{"start":{"line":44,"column":13},"end":{"line":47,"column":3}},"15":{"start":{"line":45,"column":15},"end":{"line":45,"column":69}},"16":{"start":{"line":46,"column":2},"end":{"line":46,"column":33}},"17":{"start":{"line":50,"column":13},"end":{"line":53,"column":3}},"18":{"start":{"line":51,"column":15},"end":{"line":51,"column":78}},"19":{"start":{"line":52,"column":2},"end":{"line":52,"column":33}},"20":{"start":{"line":56,"column":13},"end":{"line":59,"column":3}},"21":{"start":{"line":57,"column":2},"end":{"line":57,"column":56}},"22":{"start":{"line":58,"column":2},"end":{"line":58,"column":25}}},"fnMap":{"0":{"name":"(anonymous_9)","decl":{"start":{"line":19,"column":38},"end":{"line":19,"column":43}},"loc":{"start":{"line":19,"column":96},"end":{"line":32,"column":1}}},"1":{"name":"(anonymous_10)","decl":{"start":{"line":38,"column":43},"end":{"line":38,"column":48}},"loc":{"start":{"line":38,"column":101},"end":{"line":41,"column":1}}},"2":{"name":"(anonymous_11)","decl":{"start":{"line":44,"column":43},"end":{"line":44,"column":48}},"loc":{"start":{"line":44,"column":101},"end":{"line":47,"column":1}}},"3":{"name":"(anonymous_12)","decl":{"start":{"line":50,"column":42},"end":{"line":50,"column":47}},"loc":{"start":{"line":50,"column":100},"end":{"line":53,"column":1}}},"4":{"name":"(anonymous_13)","decl":{"start":{"line":56,"column":42},"end":{"line":56,"column":47}},"loc":{"start":{"line":56,"column":100},"end":{"line":59,"column":1}}}},"branchMap":{"0":{"loc":{"start":{"line":23,"column":13},"end":{"line":23,"column":26}},"type":"binary-expr","locations":[{"start":{"line":23,"column":13},"end":{"line":23,"column":18}},{"start":{"line":23,"column":22},"end":{"line":23,"column":26}}]},"1":{"loc":{"start":{"line":25,"column":16},"end":{"line":25,"column":31}},"type":"binary-expr","locations":[{"start":{"line":25,"column":16},"end":{"line":25,"column":23}},{"start":{"line":25,"column":27},"end":{"line":25,"column":31}}]}},"s":{"0":2,"1":2,"2":2,"3":2,"4":2,"5":2,"6":2,"7":1,"8":1,"9":2,"10":2,"11":2,"12":1,"13":1,"14":2,"15":0,"16":0,"17":2,"18":0,"19":0,"20":2,"21":0,"22":0},"f":{"0":2,"1":1,"2":0,"3":0,"4":0},"b":{"0":[2,0],"1":[2,1]}}
,"/Users/jonathandew/dev/New_Stack_Projects/Flight_Tracker_New_Stack/backend/src/modules/savedTrip/savedTrip.routes.ts": {"path":"/Users/jonathandew/dev/New_Stack_Projects/Flight_Tracker_New_Stack/backend/src/modules/savedTrip/savedTrip.routes.ts","statementMap":{"0":{"start":{"line":2,"column":0},"end":{"line":2,"column":32}},"1":{"start":{"line":3,"column":0},"end":{"line":3,"column":61}},"2":{"start":{"line":4,"column":0},"end":{"line":4,"column":54}},"3":{"start":{"line":6,"column":15},"end":{"line":6,"column":23}},"4":{"start":{"line":8,"column":0},"end":{"line":8,"column":27}},"5":{"start":{"line":10,"column":0},"end":{"line":10,"column":null}},"6":{"start":{"line":11,"column":0},"end":{"line":11,"column":null}},"7":{"start":{"line":12,"column":0},"end":{"line":12,"column":null}},"8":{"start":{"line":13,"column":0},"end":{"line":13,"column":null}},"9":{"start":{"line":14,"column":0},"end":{"line":14,"column":null}},"10":{"start":{"line":16,"column":0},"end":{"line":16,"column":null}}},"fnMap":{},"branchMap":{},"s":{"0":1,"1":1,"2":1,"3":1,"4":1,"5":1,"6":1,"7":1,"8":1,"9":1,"10":1},"f":{},"b":{}}
,"/Users/jonathandew/dev/New_Stack_Projects/Flight_Tracker_New_Stack/backend/src/modules/savedTrip/savedTrip.service.ts": {"path":"/Users/jonathandew/dev/New_Stack_Projects/Flight_Tracker_New_Stack/backend/src/modules/savedTrip/savedTrip.service.ts","statementMap":{"0":{"start":{"line":2,"column":0},"end":{"line":2,"column":41}},"1":{"start":{"line":4,"column":0},"end":{"line":4,"column":44}},"2":{"start":{"line":7,"column":31},"end":{"line":11,"column":1}},"3":{"start":{"line":8,"column":2},"end":{"line":10,"column":5}},"4":{"start":{"line":7,"column":13},"end":{"line":7,"column":31}},"5":{"start":{"line":14,"column":32},"end":{"line":17,"column":1}},"6":{"start":{"line":15,"column":16},"end":{"line":15,"column":47}},"7":{"start":{"line":16,"column":2},"end":{"line":16,"column":71}},"8":{"start":{"line":14,"column":13},"end":{"line":14,"column":32}},"9":{"start":{"line":20,"column":32},"end":{"line":24,"column":1}},"10":{"start":{"line":21,"column":15},"end":{"line":21,"column":92}},"11":{"start":{"line":22,"column":2},"end":{"line":22,"column":60}},"12":{"start":{"line":22,"column":13},"end":{"line":22,"column":60}},"13":{"start":{"line":23,"column":2},"end":{"line":23,"column":14}},"14":{"start":{"line":20,"column":13},"end":{"line":20,"column":32}},"15":{"start":{"line":27,"column":31},"end":{"line":29,"column":1}},"16":{"start":{"line":28,"column":2},"end":{"line":28,"column":58}},"17":{"start":{"line":27,"column":13},"end":{"line":27,"column":31}},"18":{"start":{"line":32,"column":31},"end":{"line":34,"column":1}},"19":{"start":{"line":33,"column":2},"end":{"line":33,"column":52}},"20":{"start":{"line":32,"column":13},"end":{"line":32,"column":31}}},"fnMap":{"0":{"name":"(anonymous_1)","decl":{"start":{"line":7,"column":31},"end":{"line":7,"column":36}},"loc":{"start":{"line":7,"column":94},"end":{"line":11,"column":1}}},"1":{"name":"(anonymous_2)","decl":{"start":{"line":14,"column":32},"end":{"line":14,"column":37}},"loc":{"start":{"line":14,"column":80},"end":{"line":17,"column":1}}},"2":{"name":"(anonymous_3)","decl":{"start":{"line":20,"column":32},"end":{"line":20,"column":37}},"loc":{"start":{"line":20,"column":73},"end":{"line":24,"column":1}}},"3":{"name":"(anonymous_4)","decl":{"start":{"line":27,"column":31},"end":{"line":27,"column":36}},"loc":{"start":{"line":27,"column":116},"end":{"line":29,"column":1}}},"4":{"name":"(anonymous_5)","decl":{"start":{"line":32,"column":31},"end":{"line":32,"column":36}},"loc":{"start":{"line":32,"column":72},"end":{"line":34,"column":1}}}},"branchMap":{"0":{"loc":{"start":{"line":15,"column":16},"end":{"line":15,"column":47}},"type":"cond-expr","locations":[{"start":{"line":15,"column":25},"end":{"line":15,"column":35}},{"start":{"line":15,"column":38},"end":{"line":15,"column":47}}]},"1":{"loc":{"start":{"line":22,"column":2},"end":{"line":22,"column":60}},"type":"if","locations":[{"start":{"line":22,"column":2},"end":{"line":22,"column":60}},{"start":{},"end":{}}]}},"s":{"0":3,"1":3,"2":3,"3":1,"4":3,"5":3,"6":1,"7":1,"8":3,"9":3,"10":0,"11":0,"12":0,"13":0,"14":3,"15":3,"16":0,"17":3,"18":3,"19":0,"20":3},"f":{"0":1,"1":1,"2":0,"3":0,"4":0},"b":{"0":[1,0],"1":[0,0]}}
,"/Users/jonathandew/dev/New_Stack_Projects/Flight_Tracker_New_Stack/backend/src/modules/user/user.controller.ts": {"path":"/Users/jonathandew/dev/New_Stack_Projects/Flight_Tracker_New_Stack/backend/src/modules/user/user.controller.ts","statementMap":{"0":{"start":{"line":2,"column":0},"end":{"line":2,"column":46}},"1":{"start":{"line":3,"column":0},"end":{"line":3,"column":52}},"2":{"start":{"line":6,"column":13},"end":{"line":9,"column":3}},"3":{"start":{"line":7,"column":16},"end":{"line":7,"column":47}},"4":{"start":{"line":8,"column":2},"end":{"line":8,"column":34}},"5":{"start":{"line":12,"column":13},"end":{"line":15,"column":3}},"6":{"start":{"line":13,"column":15},"end":{"line":13,"column":59}},"7":{"start":{"line":14,"column":2},"end":{"line":14,"column":33}},"8":{"start":{"line":18,"column":13},"end":{"line":21,"column":3}},"9":{"start":{"line":19,"column":15},"end":{"line":19,"column":68}},"10":{"start":{"line":20,"column":2},"end":{"line":20,"column":33}},"11":{"start":{"line":24,"column":13},"end":{"line":27,"column":3}},"12":{"start":{"line":25,"column":2},"end":{"line":25,"column":46}},"13":{"start":{"line":26,"column":2},"end":{"line":26,"column":25}}},"fnMap":{"0":{"name":"(anonymous_9)","decl":{"start":{"line":6,"column":38},"end":{"line":6,"column":43}},"loc":{"start":{"line":6,"column":76},"end":{"line":9,"column":1}}},"1":{"name":"(anonymous_10)","decl":{"start":{"line":12,"column":38},"end":{"line":12,"column":43}},"loc":{"start":{"line":12,"column":76},"end":{"line":15,"column":1}}},"2":{"name":"(anonymous_11)","decl":{"start":{"line":18,"column":37},"end":{"line":18,"column":42}},"loc":{"start":{"line":18,"column":75},"end":{"line":21,"column":1}}},"3":{"name":"(anonymous_12)","decl":{"start":{"line":24,"column":37},"end":{"line":24,"column":42}},"loc":{"start":{"line":24,"column":75},"end":{"line":27,"column":1}}}},"branchMap":{},"s":{"0":1,"1":1,"2":1,"3":0,"4":0,"5":1,"6":0,"7":0,"8":1,"9":0,"10":0,"11":1,"12":0,"13":0},"f":{"0":0,"1":0,"2":0,"3":0},"b":{}}
,"/Users/jonathandew/dev/New_Stack_Projects/Flight_Tracker_New_Stack/backend/src/modules/user/user.routes.ts": {"path":"/Users/jonathandew/dev/New_Stack_Projects/Flight_Tracker_New_Stack/backend/src/modules/user/user.routes.ts","statementMap":{"0":{"start":{"line":1,"column":0},"end":{"line":1,"column":33}},"1":{"start":{"line":2,"column":0},"end":{"line":2,"column":null}},"2":{"start":{"line":10,"column":15},"end":{"line":10,"column":23}},"3":{"start":{"line":12,"column":0},"end":{"line":12,"column":29}},"4":{"start":{"line":13,"column":0},"end":{"line":13,"column":32}},"5":{"start":{"line":14,"column":0},"end":{"line":14,"column":31}},"6":{"start":{"line":15,"column":0},"end":{"line":15,"column":34}},"7":{"start":{"line":16,"column":0},"end":{"line":16,"column":22}}},"fnMap":{},"branchMap":{},"s":{"0":1,"1":1,"2":1,"3":1,"4":1,"5":1,"6":1,"7":1},"f":{},"b":{}}
,"/Users/jonathandew/dev/New_Stack_Projects/Flight_Tracker_New_Stack/backend/src/modules/user/user.service.ts": {"path":"/Users/jonathandew/dev/New_Stack_Projects/Flight_Tracker_New_Stack/backend/src/modules/user/user.service.ts","statementMap":{"0":{"start":{"line":1,"column":0},"end":{"line":1,"column":40}},"1":{"start":{"line":4,"column":27},"end":{"line":6,"column":1}},"2":{"start":{"line":5,"column":2},"end":{"line":5,"column":65}},"3":{"start":{"line":4,"column":13},"end":{"line":4,"column":27}},"4":{"start":{"line":8,"column":27},"end":{"line":10,"column":1}},"5":{"start":{"line":9,"column":2},"end":{"line":9,"column":82}},"6":{"start":{"line":8,"column":13},"end":{"line":8,"column":27}},"7":{"start":{"line":12,"column":26},"end":{"line":14,"column":1}},"8":{"start":{"line":13,"column":2},"end":{"line":13,"column":53}},"9":{"start":{"line":12,"column":13},"end":{"line":12,"column":26}},"10":{"start":{"line":16,"column":26},"end":{"line":18,"column":1}},"11":{"start":{"line":17,"column":2},"end":{"line":17,"column":47}},"12":{"start":{"line":16,"column":13},"end":{"line":16,"column":26}}},"fnMap":{"0":{"name":"(anonymous_0)","decl":{"start":{"line":4,"column":27},"end":{"line":4,"column":30}},"loc":{"start":{"line":4,"column":32},"end":{"line":6,"column":1}}},"1":{"name":"(anonymous_1)","decl":{"start":{"line":8,"column":27},"end":{"line":8,"column":28}},"loc":{"start":{"line":8,"column":42},"end":{"line":10,"column":1}}},"2":{"name":"(anonymous_2)","decl":{"start":{"line":12,"column":26},"end":{"line":12,"column":27}},"loc":{"start":{"line":12,"column":101},"end":{"line":14,"column":1}}},"3":{"name":"(anonymous_3)","decl":{"start":{"line":16,"column":26},"end":{"line":16,"column":27}},"loc":{"start":{"line":16,"column":41},"end":{"line":18,"column":1}}}},"branchMap":{},"s":{"0":1,"1":1,"2":0,"3":1,"4":1,"5":0,"6":1,"7":1,"8":0,"9":1,"10":1,"11":0,"12":1},"f":{"0":0,"1":0,"2":0,"3":0},"b":{}}
,"/Users/jonathandew/dev/New_Stack_Projects/Flight_Tracker_New_Stack/backend/src/utils/ApiError.ts": {"path":"/Users/jonathandew/dev/New_Stack_Projects/Flight_Tracker_New_Stack/backend/src/utils/ApiError.ts","statementMap":{"0":{"start":{"line":5,"column":4},"end":{"line":5,"column":19}},"1":{"start":{"line":6,"column":4},"end":{"line":6,"column":33}},"2":{"start":{"line":7,"column":4},"end":{"line":7,"column":52}},"3":{"start":{"line":8,"column":4},"end":{"line":8,"column":52}},"4":{"start":{"line":1,"column":0},"end":{"line":1,"column":21}}},"fnMap":{"0":{"name":"(anonymous_0)","decl":{"start":{"line":4,"column":2},"end":{"line":4,"column":14}},"loc":{"start":{"line":4,"column":49},"end":{"line":9,"column":3}}}},"branchMap":{},"s":{"0":4,"1":4,"2":4,"3":4,"4":9},"f":{"0":4},"b":{}}
,"/Users/jonathandew/dev/New_Stack_Projects/Flight_Tracker_New_Stack/backend/src/utils/catchAsync.ts": {"path":"/Users/jonathandew/dev/New_Stack_Projects/Flight_Tracker_New_Stack/backend/src/utils/catchAsync.ts","statementMap":{"0":{"start":{"line":4,"column":2},"end":{"line":11,"column":3}},"1":{"start":{"line":5,"column":2},"end":{"line":11,"column":3}},"2":{"start":{"line":6,"column":4},"end":{"line":10,"column":5}},"3":{"start":{"line":7,"column":6},"end":{"line":7,"column":31}},"4":{"start":{"line":9,"column":6},"end":{"line":9,"column":16}},"5":{"start":{"line":3,"column":13},"end":{"line":3,"column":null}}},"fnMap":{"0":{"name":"(anonymous_0)","decl":{"start":{"line":4,"column":2},"end":{"line":4,"column":3}},"loc":{"start":{"line":5,"column":2},"end":{"line":11,"column":3}}},"1":{"name":"(anonymous_1)","decl":{"start":{"line":5,"column":2},"end":{"line":5,"column":7}},"loc":{"start":{"line":5,"column":60},"end":{"line":11,"column":3}}}},"branchMap":{},"s":{"0":3,"1":19,"2":5,"3":5,"4":1,"5":3},"f":{"0":19,"1":5},"b":{}}
,"/Users/jonathandew/dev/New_Stack_Projects/Flight_Tracker_New_Stack/backend/src/utils/jwt.ts": {"path":"/Users/jonathandew/dev/New_Stack_Projects/Flight_Tracker_New_Stack/backend/src/utils/jwt.ts","statementMap":{"0":{"start":{"line":1,"column":0},"end":{"line":1,"column":31}},"1":{"start":{"line":6,"column":30},"end":{"line":6,"column":86}},"2":{"start":{"line":7,"column":31},"end":{"line":7,"column":89}},"3":{"start":{"line":14,"column":36},"end":{"line":14,"column":41}},"4":{"start":{"line":15,"column":37},"end":{"line":15,"column":41}},"5":{"start":{"line":17,"column":31},"end":{"line":20,"column":1}},"6":{"start":{"line":18,"column":31},"end":{"line":18,"column":44}},"7":{"start":{"line":19,"column":2},"end":{"line":19,"column":51}},"8":{"start":{"line":17,"column":13},"end":{"line":17,"column":31}},"9":{"start":{"line":22,"column":32},"end":{"line":25,"column":1}},"10":{"start":{"line":23,"column":31},"end":{"line":23,"column":44}},"11":{"start":{"line":24,"column":2},"end":{"line":24,"column":52}},"12":{"start":{"line":22,"column":13},"end":{"line":22,"column":32}},"13":{"start":{"line":27,"column":33},"end":{"line":29,"column":1}},"14":{"start":{"line":28,"column":2},"end":{"line":28,"column":56}},"15":{"start":{"line":27,"column":13},"end":{"line":27,"column":33}},"16":{"start":{"line":31,"column":34},"end":{"line":33,"column":1}},"17":{"start":{"line":32,"column":2},"end":{"line":32,"column":57}},"18":{"start":{"line":31,"column":13},"end":{"line":31,"column":34}}},"fnMap":{"0":{"name":"(anonymous_1)","decl":{"start":{"line":17,"column":31},"end":{"line":17,"column":32}},"loc":{"start":{"line":17,"column":104},"end":{"line":20,"column":1}}},"1":{"name":"(anonymous_2)","decl":{"start":{"line":22,"column":32},"end":{"line":22,"column":33}},"loc":{"start":{"line":22,"column":106},"end":{"line":25,"column":1}}},"2":{"name":"(anonymous_3)","decl":{"start":{"line":27,"column":33},"end":{"line":27,"column":34}},"loc":{"start":{"line":27,"column":63},"end":{"line":29,"column":1}}},"3":{"name":"(anonymous_4)","decl":{"start":{"line":31,"column":34},"end":{"line":31,"column":35}},"loc":{"start":{"line":31,"column":64},"end":{"line":33,"column":1}}}},"branchMap":{"0":{"loc":{"start":{"line":6,"column":30},"end":{"line":6,"column":86}},"type":"binary-expr","locations":[{"start":{"line":6,"column":30},"end":{"line":6,"column":59}},{"start":{"line":6,"column":63},"end":{"line":6,"column":86}}]},"1":{"loc":{"start":{"line":7,"column":31},"end":{"line":7,"column":89}},"type":"binary-expr","locations":[{"start":{"line":7,"column":31},"end":{"line":7,"column":61}},{"start":{"line":7,"column":65},"end":{"line":7,"column":89}}]},"2":{"loc":{"start":{"line":17,"column":53},"end":{"line":17,"column":92}},"type":"default-arg","locations":[{"start":{"line":17,"column":78},"end":{"line":17,"column":92}}]},"3":{"loc":{"start":{"line":22,"column":54},"end":{"line":22,"column":94}},"type":"default-arg","locations":[{"start":{"line":22,"column":79},"end":{"line":22,"column":94}}]}},"s":{"0":3,"1":3,"2":3,"3":3,"4":3,"5":3,"6":1,"7":1,"8":3,"9":3,"10":1,"11":1,"12":3,"13":3,"14":0,"15":3,"16":3,"17":0,"18":3},"f":{"0":1,"1":1,"2":0,"3":0},"b":{"0":[3,3],"1":[3,3],"2":[1],"3":[1]}}
}
