TN:
SF:src/app.ts
FN:20,(anonymous_1)
FNF:1
FNH:0
FNDA:0,(anonymous_1)
DA:1,1
DA:2,1
DA:3,1
DA:4,1
DA:5,1
DA:6,1
DA:8,1
DA:11,1
DA:12,1
DA:15,1
DA:16,1
DA:17,1
DA:18,1
DA:20,1
DA:23,1
DA:25,1
LF:16
LH:16
BRF:0
BRH:0
end_of_record
TN:
SF:src/helpers/mockPrisma.ts
FN:19,(anonymous_0)
FNF:1
FNH:1
FNDA:4,(anonymous_0)
DA:2,8
DA:19,8
LF:2
LH:2
BRF:0
BRH:0
end_of_record
TN:
SF:src/middleware/auth.ts
FN:16,(anonymous_1)
FNF:1
FNH:0
FNDA:0,(anonymous_1)
DA:3,1
DA:4,1
DA:16,1
DA:17,0
DA:19,0
DA:20,0
DA:23,0
DA:25,0
DA:26,0
DA:27,0
DA:28,0
DA:30,0
LF:12
LH:3
BRDA:19,0,0,0
BRDA:19,0,1,0
BRDA:19,1,0,0
BRDA:19,1,1,0
BRF:4
BRH:0
end_of_record
TN:
SF:src/middleware/errorHandler.ts
FN:4,(anonymous_1)
FNF:1
FNH:1
FNDA:2,(anonymous_1)
DA:2,2
DA:4,2
DA:5,2
DA:7,2
DA:8,2
DA:10,2
LF:6
LH:6
BRDA:7,0,0,1
BRDA:7,0,1,1
BRDA:8,1,0,1
BRDA:8,1,1,1
BRF:4
BRH:4
end_of_record
TN:
SF:src/modules/amadeus/amadeus.controller.ts
FN:5,(anonymous_0)
FNF:1
FNH:1
FNDA:2,(anonymous_0)
DA:2,1
DA:3,1
DA:5,1
DA:6,2
DA:8,2
DA:9,1
DA:12,1
DA:14,1
LF:8
LH:8
BRDA:8,0,0,1
BRDA:8,0,1,1
BRDA:8,1,0,2
BRDA:8,1,1,2
BRDA:8,1,2,2
BRF:5
BRH:5
end_of_record
TN:
SF:src/modules/amadeus/amadeus.mapper.ts
FN:3,mapAmadeusFlightOffer
FN:5,(anonymous_1)
FN:6,(anonymous_2)
FN:28,(anonymous_3)
FN:28,(anonymous_4)
FN:32,(anonymous_5)
FN:43,(anonymous_6)
FN:63,mapAmadeusFlightOffers
FNF:8
FNH:8
FNDA:8,mapAmadeusFlightOffer
FNDA:8,(anonymous_1)
FNDA:13,(anonymous_2)
FNDA:8,(anonymous_3)
FNDA:13,(anonymous_4)
FNDA:8,(anonymous_5)
FNDA:10,(anonymous_6)
FNDA:4,mapAmadeusFlightOffers
DA:3,3
DA:5,8
DA:6,13
DA:27,8
DA:28,13
DA:32,8
DA:35,8
DA:41,8
DA:42,8
DA:43,10
DA:44,5
DA:48,8
DA:50,8
DA:63,3
DA:64,4
LF:15
LH:15
BRDA:18,0,0,13
BRDA:18,0,1,3
BRDA:36,1,0,8
BRDA:36,1,1,0
BRDA:37,2,0,8
BRDA:37,2,1,0
BRDA:42,3,0,5
BRDA:42,3,1,3
BRDA:44,4,0,0
BRDA:44,4,1,5
BRDA:48,5,0,0
BRDA:48,5,1,8
BRF:12
BRH:8
end_of_record
TN:
SF:src/modules/amadeus/amadeus.routes.ts
FNF:0
FNH:0
DA:1,1
DA:2,1
DA:4,1
DA:6,1
DA:8,1
LF:5
LH:5
BRF:0
BRH:0
end_of_record
TN:
SF:src/modules/amadeus/amadeus.service.ts
FN:14,getAccessToken
FN:43,(anonymous_2)
FNF:2
FNH:2
FNDA:3,getAccessToken
FNDA:3,(anonymous_2)
DA:1,3
DA:2,3
DA:4,3
DA:6,3
DA:7,3
DA:8,3
DA:10,3
DA:11,3
DA:15,3
DA:16,1
DA:19,2
DA:31,2
DA:32,2
DA:33,0
DA:36,2
DA:37,2
DA:39,2
DA:43,3
DA:44,3
DA:46,3
DA:51,3
DA:52,3
DA:53,0
DA:56,3
LF:24
LH:22
BRDA:15,0,0,1
BRDA:15,0,1,2
BRDA:15,1,0,3
BRDA:15,1,1,1
BRDA:15,1,2,1
BRDA:32,2,0,0
BRDA:32,2,1,2
BRDA:52,3,0,0
BRDA:52,3,1,3
BRDA:52,4,0,3
BRDA:52,4,1,3
BRF:11
BRH:9
end_of_record
TN:
SF:src/modules/auth/auth.controller.ts
FN:7,(anonymous_0)
FN:14,(anonymous_1)
FNF:2
FNH:1
FNDA:2,(anonymous_0)
FNDA:0,(anonymous_1)
DA:2,2
DA:3,2
DA:7,2
DA:8,2
DA:9,1
DA:10,1
DA:14,2
DA:15,0
DA:16,0
DA:17,0
LF:10
LH:7
BRF:0
BRH:0
end_of_record
TN:
SF:src/modules/auth/auth.routes.ts
FNF:0
FNH:0
DA:1,1
DA:3,1
DA:5,1
DA:7,1
DA:8,1
DA:10,1
LF:6
LH:6
BRF:0
BRH:0
end_of_record
TN:
SF:src/modules/auth/auth.service.ts
FN:14,(anonymous_1)
FN:32,(anonymous_2)
FNF:2
FNH:2
FNDA:2,(anonymous_1)
FNDA:3,(anonymous_2)
DA:1,3
DA:2,3
DA:3,3
DA:4,3
DA:6,3
DA:14,3
DA:15,2
DA:16,2
DA:18,1
DA:20,1
DA:28,1
DA:32,3
DA:33,3
DA:34,0
DA:37,3
DA:38,3
DA:40,2
DA:41,2
DA:43,1
DA:44,1
DA:46,1
LF:21
LH:20
BRDA:16,0,0,1
BRDA:16,0,1,1
BRDA:24,1,0,1
BRDA:24,1,1,1
BRDA:33,2,0,0
BRDA:33,2,1,3
BRDA:33,3,0,3
BRDA:33,3,1,3
BRDA:38,4,0,1
BRDA:38,4,1,2
BRDA:41,5,0,1
BRDA:41,5,1,1
BRF:12
BRH:11
end_of_record
TN:
SF:src/modules/savedTrip/savedTrip.controller.ts
FN:19,(anonymous_9)
FN:38,(anonymous_10)
FN:44,(anonymous_11)
FN:50,(anonymous_12)
FN:56,(anonymous_13)
FNF:5
FNH:2
FNDA:2,(anonymous_9)
FNDA:1,(anonymous_10)
FNDA:0,(anonymous_11)
FNDA:0,(anonymous_12)
FNDA:0,(anonymous_13)
DA:2,2
DA:3,2
DA:19,2
DA:20,2
DA:21,2
DA:22,2
DA:27,2
DA:28,1
DA:30,1
DA:35,2
DA:38,2
DA:39,1
DA:40,1
DA:44,2
DA:45,0
DA:46,0
DA:50,2
DA:51,0
DA:52,0
DA:56,2
DA:57,0
DA:58,0
LF:22
LH:16
BRDA:23,0,0,2
BRDA:23,0,1,0
BRDA:25,1,0,2
BRDA:25,1,1,1
BRF:4
BRH:3
end_of_record
TN:
SF:src/modules/savedTrip/savedTrip.routes.ts
FNF:0
FNH:0
DA:2,1
DA:3,1
DA:4,1
DA:6,1
DA:8,1
DA:10,1
DA:11,1
DA:12,1
DA:13,1
DA:14,1
DA:16,1
LF:11
LH:11
BRF:0
BRH:0
end_of_record
TN:
SF:src/modules/savedTrip/savedTrip.service.ts
FN:7,(anonymous_1)
FN:14,(anonymous_2)
FN:20,(anonymous_3)
FN:27,(anonymous_4)
FN:32,(anonymous_5)
FNF:5
FNH:2
FNDA:1,(anonymous_1)
FNDA:1,(anonymous_2)
FNDA:0,(anonymous_3)
FNDA:0,(anonymous_4)
FNDA:0,(anonymous_5)
DA:2,3
DA:4,3
DA:7,3
DA:8,1
DA:14,3
DA:15,1
DA:16,1
DA:20,3
DA:21,0
DA:22,0
DA:23,0
DA:27,3
DA:28,0
DA:32,3
DA:33,0
LF:15
LH:10
BRDA:15,0,0,1
BRDA:15,0,1,0
BRDA:22,1,0,0
BRDA:22,1,1,0
BRF:4
BRH:1
end_of_record
TN:
SF:src/modules/user/user.controller.ts
FN:6,(anonymous_9)
FN:12,(anonymous_10)
FN:18,(anonymous_11)
FN:24,(anonymous_12)
FNF:4
FNH:0
FNDA:0,(anonymous_9)
FNDA:0,(anonymous_10)
FNDA:0,(anonymous_11)
FNDA:0,(anonymous_12)
DA:2,1
DA:3,1
DA:6,1
DA:7,0
DA:8,0
DA:12,1
DA:13,0
DA:14,0
DA:18,1
DA:19,0
DA:20,0
DA:24,1
DA:25,0
DA:26,0
LF:14
LH:6
BRF:0
BRH:0
end_of_record
TN:
SF:src/modules/user/user.routes.ts
FNF:0
FNH:0
DA:1,1
DA:2,1
DA:10,1
DA:12,1
DA:13,1
DA:14,1
DA:15,1
DA:16,1
LF:8
LH:8
BRF:0
BRH:0
end_of_record
TN:
SF:src/modules/user/user.service.ts
FN:4,(anonymous_0)
FN:8,(anonymous_1)
FN:12,(anonymous_2)
FN:16,(anonymous_3)
FNF:4
FNH:0
FNDA:0,(anonymous_0)
FNDA:0,(anonymous_1)
FNDA:0,(anonymous_2)
FNDA:0,(anonymous_3)
DA:1,1
DA:4,1
DA:5,0
DA:8,1
DA:9,0
DA:12,1
DA:13,0
DA:16,1
DA:17,0
LF:9
LH:5
BRF:0
BRH:0
end_of_record
TN:
SF:src/utils/ApiError.ts
FN:4,(anonymous_0)
FNF:1
FNH:1
FNDA:4,(anonymous_0)
DA:1,9
DA:5,4
DA:6,4
DA:7,4
DA:8,4
LF:5
LH:5
BRF:0
BRH:0
end_of_record
TN:
SF:src/utils/catchAsync.ts
FN:4,(anonymous_0)
FN:5,(anonymous_1)
FNF:2
FNH:2
FNDA:19,(anonymous_0)
FNDA:5,(anonymous_1)
DA:3,3
DA:4,3
DA:5,19
DA:6,5
DA:7,5
DA:9,1
LF:6
LH:6
BRF:0
BRH:0
end_of_record
TN:
SF:src/utils/jwt.ts
FN:17,(anonymous_1)
FN:22,(anonymous_2)
FN:27,(anonymous_3)
FN:31,(anonymous_4)
FNF:4
FNH:2
FNDA:1,(anonymous_1)
FNDA:1,(anonymous_2)
FNDA:0,(anonymous_3)
FNDA:0,(anonymous_4)
DA:1,3
DA:6,3
DA:7,3
DA:14,3
DA:15,3
DA:17,3
DA:18,1
DA:19,1
DA:22,3
DA:23,1
DA:24,1
DA:27,3
DA:28,0
DA:31,3
DA:32,0
LF:15
LH:13
BRDA:6,0,0,3
BRDA:6,0,1,3
BRDA:7,1,0,3
BRDA:7,1,1,3
BRDA:17,2,0,1
BRDA:22,3,0,1
BRF:6
BRH:6
end_of_record
